<?xml version='1.1' encoding='UTF-8'?>
<result plugin="junit@1.34">
  <suites>
    <suite>
      <file>C:\WINDOWS\system32\config\systemprofile\AppData\Local\Jenkins.jenkins\workspace\Unit test\Java\target\surefire-reports\TEST-com.github.vitalliuss.helloci.AppTest.xml</file>
      <name>com.github.vitalliuss.helloci.AppTest</name>
      <duration>0.213</duration>
      <time>0.213</time>
      <enclosingBlocks/>
      <enclosingBlockNames/>
      <cases>
        <case>
          <duration>0.026</duration>
          <className>com.github.vitalliuss.helloci.AppTest</className>
          <testName>testShouldBeFailed</testName>
          <skipped>false</skipped>
          <errorStackTrace>java.lang.AssertionError
	at com.github.vitalliuss.helloci.AppTest.testShouldBeFailed(AppTest.java:21)
</errorStackTrace>
          <failedSince>0</failedSince>
        </case>
        <case>
          <duration>0.0</duration>
          <className>com.github.vitalliuss.helloci.AppTest</className>
          <testName>testShouldBePassed</testName>
          <skipped>false</skipped>
          <failedSince>0</failedSince>
        </case>
        <case>
          <duration>0.006</duration>
          <className>com.github.vitalliuss.helloci.AppTest</className>
          <testName>testAnotherMethod</testName>
          <skipped>false</skipped>
          <failedSince>0</failedSince>
        </case>
        <case>
          <duration>0.003</duration>
          <className>com.github.vitalliuss.helloci.AppTest</className>
          <testName>testAnotherClass</testName>
          <skipped>false</skipped>
          <failedSince>0</failedSince>
        </case>
        <case>
          <duration>0.0</duration>
          <className>com.github.vitalliuss.helloci.AppTest</className>
          <testName>testShouldBeSKipped</testName>
          <skipped>true</skipped>
          <skippedMessage>Not implemented yet</skippedMessage>
          <failedSince>0</failedSince>
        </case>
      </cases>
    </suite>
  </suites>
  <duration>0.213</duration>
  <keepLongStdio>false</keepLongStdio>
</result>